# JRE version: Java(TM) SE Runtime Environment (8.0_144-b01) (build 1.8.0_144-b01)
# Java VM: Java HotSpot(TM) 64-Bit Server VM (25.144-b01 mixed mode bsd-amd64 compressed oops)
Heap:
 PSYoungGen      total 135680K, used 36160K [0x000000076ab00000, 0x000000077bb80000, 0x00000007c0000000)
  eden space 124928K, 20% used [0x000000076ab00000,0x000000076c3d5dc8,0x0000000772500000)
  from space 10752K, 99% used [0x0000000772500000,0x0000000772f7a348,0x0000000772f80000)
  to   space 17920K, 0% used [0x000000077aa00000,0x000000077aa00000,0x000000077bb80000)
 ParOldGen       total 124928K, used 25063K [0x00000006c0000000, 0x00000006c7a00000, 0x000000076ab00000)
  object space 124928K, 20% used [0x00000006c0000000,0x00000006c1879e78,0x00000006c7a00000)
 Metaspace       used 30237K, capacity 31814K, committed 32128K, reserved 1077248K
  class space    used 4063K, capacity 4361K, committed 4480K, reserved 1048576K
GC Heap History (10 events):
Event: 2.768 GC heap before
{Heap before GC invocations=2 (full 1):
 PSYoungGen      total 76288K, used 10363K [0x000000076ab00000, 0x0000000770000000, 0x00000007c0000000)
  eden space 65536K, 0% used [0x000000076ab00000,0x000000076ab00000,0x000000076eb00000)
  from space 10752K, 96% used [0x000000076eb00000,0x000000076f51ef90,0x000000076f580000)
  to   space 10752K, 0% used [0x000000076f580000,0x000000076f580000,0x0000000770000000)
 ParOldGen       total 175104K, used 88K [0x00000006c0000000, 0x00000006cab00000, 0x000000076ab00000)
  object space 175104K, 0% used [0x00000006c0000000,0x00000006c0016010,0x00000006cab00000)
 Metaspace       used 20246K, capacity 21224K, committed 21296K, reserved 1067008K
  class space    used 2826K, capacity 3042K, committed 3072K, reserved 1048576K
Event: 2.793 GC heap after
Heap after GC invocations=2 (full 1):
 PSYoungGen      total 76288K, used 0K [0x000000076ab00000, 0x0000000770000000, 0x00000007c0000000)
  eden space 65536K, 0% used [0x000000076ab00000,0x000000076ab00000,0x000000076eb00000)
  from space 10752K, 0% used [0x000000076eb00000,0x000000076eb00000,0x000000076f580000)
  to   space 10752K, 0% used [0x000000076f580000,0x000000076f580000,0x0000000770000000)
 ParOldGen       total 124928K, used 8845K [0x00000006c0000000, 0x00000006c7a00000, 0x000000076ab00000)
  object space 124928K, 7% used [0x00000006c0000000,0x00000006c08a3568,0x00000006c7a00000)
 Metaspace       used 20246K, capacity 21224K, committed 21296K, reserved 1067008K
  class space    used 2826K, capacity 3042K, committed 3072K, reserved 1048576K
}
Event: 7.705 GC heap before
{Heap before GC invocations=3 (full 1):
 PSYoungGen      total 76288K, used 65510K [0x000000076ab00000, 0x0000000770000000, 0x00000007c0000000)
  eden space 65536K, 99% used [0x000000076ab00000,0x000000076eaf9ad0,0x000000076eb00000)
  from space 10752K, 0% used [0x000000076eb00000,0x000000076eb00000,0x000000076f580000)
  to   space 10752K, 0% used [0x000000076f580000,0x000000076f580000,0x0000000770000000)
 ParOldGen       total 124928K, used 8845K [0x00000006c0000000, 0x00000006c7a00000, 0x000000076ab00000)
  object space 124928K, 7% used [0x00000006c0000000,0x00000006c08a3568,0x00000006c7a00000)
 Metaspace       used 29780K, capacity 31284K, committed 31488K, reserved 1077248K
  class space    used 4018K, capacity 4318K, committed 4352K, reserved 1048576K
Event: 7.714 GC heap after
Heap after GC invocations=3 (full 1):
 PSYoungGen      total 76288K, used 10723K [0x000000076ab00000, 0x0000000770d80000, 0x00000007c0000000)
  eden space 65536K, 0% used [0x000000076ab00000,0x000000076ab00000,0x000000076eb00000)
  from space 10752K, 99% used [0x000000076f580000,0x000000076fff8f00,0x0000000770000000)
  to   space 10752K, 0% used [0x000000076eb00000,0x000000076eb00000,0x000000076f580000)
 ParOldGen       total 124928K, used 14894K [0x00000006c0000000, 0x00000006c7a00000, 0x000000076ab00000)
  object space 124928K, 11% used [0x00000006c0000000,0x00000006c0e8bb00,0x00000006c7a00000)
 Metaspace       used 29780K, capacity 31284K, committed 31488K, reserved 1077248K
  class space    used 4018K, capacity 4318K, committed 4352K, reserved 1048576K
}
Event: 7.729 GC heap before
{Heap before GC invocations=4 (full 1):
 PSYoungGen      total 76288K, used 76198K [0x000000076ab00000, 0x0000000770d80000, 0x00000007c0000000)
  eden space 65536K, 99% used [0x000000076ab00000,0x000000076eaf0a90,0x000000076eb00000)
  from space 10752K, 99% used [0x000000076f580000,0x000000076fff8f00,0x0000000770000000)
  to   space 10752K, 0% used [0x000000076eb00000,0x000000076eb00000,0x000000076f580000)
 ParOldGen       total 124928K, used 14894K [0x00000006c0000000, 0x00000006c7a00000, 0x000000076ab00000)
  object space 124928K, 11% used [0x00000006c0000000,0x00000006c0e8bb00,0x00000006c7a00000)
 Metaspace       used 29783K, capacity 31284K, committed 31488K, reserved 1077248K
  class space    used 4018K, capacity 4318K, committed 4352K, reserved 1048576K
Event: 7.735 GC heap after
Heap after GC invocations=4 (full 1):
 PSYoungGen      total 76288K, used 10723K [0x000000076ab00000, 0x0000000773a00000, 0x00000007c0000000)
  eden space 65536K, 0% used [0x000000076ab00000,0x000000076ab00000,0x000000076eb00000)
  from space 10752K, 99% used [0x000000076eb00000,0x000000076f578d28,0x000000076f580000)
  to   space 10752K, 0% used [0x0000000772f80000,0x0000000772f80000,0x0000000773a00000)
 ParOldGen       total 124928K, used 18126K [0x00000006c0000000, 0x00000006c7a00000, 0x000000076ab00000)
  object space 124928K, 14% used [0x00000006c0000000,0x00000006c11b3b10,0x00000006c7a00000)
 Metaspace       used 29783K, capacity 31284K, committed 31488K, reserved 1077248K
  class space    used 4018K, capacity 4318K, committed 4352K, reserved 1048576K
}
Event: 7.744 GC heap before
{Heap before GC invocations=5 (full 1):
 PSYoungGen      total 76288K, used 76175K [0x000000076ab00000, 0x0000000773a00000, 0x00000007c0000000)
  eden space 65536K, 99% used [0x000000076ab00000,0x000000076eaeb2a0,0x000000076eb00000)
  from space 10752K, 99% used [0x000000076eb00000,0x000000076f578d28,0x000000076f580000)
  to   space 10752K, 0% used [0x0000000772f80000,0x0000000772f80000,0x0000000773a00000)
 ParOldGen       total 124928K, used 18126K [0x00000006c0000000, 0x00000006c7a00000, 0x000000076ab00000)
  object space 124928K, 14% used [0x00000006c0000000,0x00000006c11b3b10,0x00000006c7a00000)
 Metaspace       used 29783K, capacity 31284K, committed 31488K, reserved 1077248K
  class space    used 4018K, capacity 4318K, committed 4352K, reserved 1048576K
Event: 7.751 GC heap after
Heap after GC invocations=5 (full 1):
 PSYoungGen      total 135680K, used 10743K [0x000000076ab00000, 0x0000000773d00000, 0x00000007c0000000)
  eden space 124928K, 0% used [0x000000076ab00000,0x000000076ab00000,0x0000000772500000)
  from space 10752K, 99% used [0x0000000772f80000,0x00000007739fdc48,0x0000000773a00000)
  to   space 10752K, 0% used [0x0000000772500000,0x0000000772500000,0x0000000772f80000)
 ParOldGen       total 124928K, used 21513K [0x00000006c0000000, 0x00000006c7a00000, 0x000000076ab00000)
  object space 124928K, 17% used [0x00000006c0000000,0x00000006c1502500,0x00000006c7a00000)
 Metaspace       used 29783K, capacity 31284K, committed 31488K, reserved 1077248K
  class space    used 4018K, capacity 4318K, committed 4352K, reserved 1048576K
}
Event: 7.821 GC heap before
{Heap before GC invocations=6 (full 1):
 PSYoungGen      total 135680K, used 135671K [0x000000076ab00000, 0x0000000773d00000, 0x00000007c0000000)
  eden space 124928K, 100% used [0x000000076ab00000,0x0000000772500000,0x0000000772500000)
  from space 10752K, 99% used [0x0000000772f80000,0x00000007739fdc48,0x0000000773a00000)
  to   space 10752K, 0% used [0x0000000772500000,0x0000000772500000,0x0000000772f80000)
 ParOldGen       total 124928K, used 21513K [0x00000006c0000000, 0x00000006c7a00000, 0x000000076ab00000)
  object space 124928K, 17% used [0x00000006c0000000,0x00000006c1502500,0x00000006c7a00000)
 Metaspace       used 29835K, capacity 31348K, committed 31488K, reserved 1077248K
  class space    used 4020K, capacity 4318K, committed 4352K, reserved 1048576K
Event: 7.829 GC heap after
Heap after GC invocations=6 (full 1):
 PSYoungGen      total 135680K, used 10728K [0x000000076ab00000, 0x000000077bb80000, 0x00000007c0000000)
  eden space 124928K, 0% used [0x000000076ab00000,0x000000076ab00000,0x0000000772500000)
  from space 10752K, 99% used [0x0000000772500000,0x0000000772f7a348,0x0000000772f80000)
  to   space 17920K, 0% used [0x000000077aa00000,0x000000077aa00000,0x000000077bb80000)
 ParOldGen       total 124928K, used 25063K [0x00000006c0000000, 0x00000006c7a00000, 0x000000076ab00000)
  object space 124928K, 20% used [0x00000006c0000000,0x00000006c1879e78,0x00000006c7a00000)
 Metaspace       used 29835K, capacity 31348K, committed 31488K, reserved 1077248K
  class space    used 4020K, capacity 4318K, committed 4352K, reserved 1048576K
}

