# JRE version: Java(TM) SE Runtime Environment (8.0_144-b01) (build 1.8.0_144-b01)
# Java VM: Java HotSpot(TM) 64-Bit Server VM (25.144-b01 mixed mode bsd-amd64 compressed oops)
Heap:
 PSYoungGen      total 142336K, used 98767K [0x000000076ab00000, 0x0000000774880000, 0x00000007c0000000)
  eden space 125440K, 75% used [0x000000076ab00000,0x0000000770758348,0x0000000772580000)
  from space 16896K, 24% used [0x0000000773680000,0x0000000773a9bc68,0x0000000774700000)
  to   space 17408K, 0% used [0x0000000772580000,0x0000000772580000,0x0000000773680000)
 ParOldGen       total 74752K, used 32612K [0x00000006c0000000, 0x00000006c4900000, 0x000000076ab00000)
  object space 74752K, 43% used [0x00000006c0000000,0x00000006c1fd93f0,0x00000006c4900000)
 Metaspace       used 31511K, capacity 33232K, committed 33536K, reserved 1079296K
  class space    used 4200K, capacity 4508K, committed 4608K, reserved 1048576K
GC Heap History (10 events):
Event: 532.888 GC heap before
{Heap before GC invocations=5 (full 1):
 PSYoungGen      total 76288K, used 75800K [0x000000076ab00000, 0x0000000770000000, 0x00000007c0000000)
  eden space 65536K, 100% used [0x000000076ab00000,0x000000076eb00000,0x000000076eb00000)
  from space 10752K, 95% used [0x000000076eb00000,0x000000076f506010,0x000000076f580000)
  to   space 10752K, 0% used [0x000000076f580000,0x000000076f580000,0x0000000770000000)
 ParOldGen       total 74752K, used 15473K [0x00000006c0000000, 0x00000006c4900000, 0x000000076ab00000)
  object space 74752K, 20% used [0x00000006c0000000,0x00000006c0f1c578,0x00000006c4900000)
 Metaspace       used 24817K, capacity 26218K, committed 26496K, reserved 1073152K
  class space    used 3371K, capacity 3643K, committed 3712K, reserved 1048576K
Event: 532.895 GC heap after
Heap after GC invocations=5 (full 1):
 PSYoungGen      total 76288K, used 10200K [0x000000076ab00000, 0x0000000770000000, 0x00000007c0000000)
  eden space 65536K, 0% used [0x000000076ab00000,0x000000076ab00000,0x000000076eb00000)
  from space 10752K, 94% used [0x000000076f580000,0x000000076ff76010,0x0000000770000000)
  to   space 10752K, 0% used [0x000000076eb00000,0x000000076eb00000,0x000000076f580000)
 ParOldGen       total 74752K, used 18705K [0x00000006c0000000, 0x00000006c4900000, 0x000000076ab00000)
  object space 74752K, 25% used [0x00000006c0000000,0x00000006c1244588,0x00000006c4900000)
 Metaspace       used 24817K, capacity 26218K, committed 26496K, reserved 1073152K
  class space    used 3371K, capacity 3643K, committed 3712K, reserved 1048576K
}
Event: 636.516 GC heap before
{Heap before GC invocations=6 (full 1):
 PSYoungGen      total 76288K, used 75726K [0x000000076ab00000, 0x0000000770000000, 0x00000007c0000000)
  eden space 65536K, 99% used [0x000000076ab00000,0x000000076eafda10,0x000000076eb00000)
  from space 10752K, 94% used [0x000000076f580000,0x000000076ff76010,0x0000000770000000)
  to   space 10752K, 0% used [0x000000076eb00000,0x000000076eb00000,0x000000076f580000)
 ParOldGen       total 74752K, used 18705K [0x00000006c0000000, 0x00000006c4900000, 0x000000076ab00000)
  object space 74752K, 25% used [0x00000006c0000000,0x00000006c1244588,0x00000006c4900000)
 Metaspace       used 30976K, capacity 32616K, committed 32896K, reserved 1077248K
  class space    used 4150K, capacity 4458K, committed 4480K, reserved 1048576K
Event: 636.525 GC heap after
Heap after GC invocations=6 (full 1):
 PSYoungGen      total 74752K, used 10741K [0x000000076ab00000, 0x0000000770880000, 0x00000007c0000000)
  eden space 64000K, 0% used [0x000000076ab00000,0x000000076ab00000,0x000000076e980000)
  from space 10752K, 99% used [0x000000076eb00000,0x000000076f57d710,0x000000076f580000)
  to   space 15872K, 0% used [0x000000076f900000,0x000000076f900000,0x0000000770880000)
 ParOldGen       total 74752K, used 26172K [0x00000006c0000000, 0x00000006c4900000, 0x000000076ab00000)
  object space 74752K, 35% used [0x00000006c0000000,0x00000006c198f3f0,0x00000006c4900000)
 Metaspace       used 30976K, capacity 32616K, committed 32896K, reserved 1077248K
  class space    used 4150K, capacity 4458K, committed 4480K, reserved 1048576K
}
Event: 636.541 GC heap before
{Heap before GC invocations=7 (full 1):
 PSYoungGen      total 74752K, used 74649K [0x000000076ab00000, 0x0000000770880000, 0x00000007c0000000)
  eden space 64000K, 99% used [0x000000076ab00000,0x000000076e968f70,0x000000076e980000)
  from space 10752K, 99% used [0x000000076eb00000,0x000000076f57d710,0x000000076f580000)
  to   space 15872K, 0% used [0x000000076f900000,0x000000076f900000,0x0000000770880000)
 ParOldGen       total 74752K, used 26172K [0x00000006c0000000, 0x00000006c4900000, 0x000000076ab00000)
  object space 74752K, 35% used [0x00000006c0000000,0x00000006c198f3f0,0x00000006c4900000)
 Metaspace       used 30985K, capacity 32618K, committed 32896K, reserved 1077248K
  class space    used 4152K, capacity 4459K, committed 4480K, reserved 1048576K
Event: 636.547 GC heap after
Heap after GC invocations=7 (full 1):
 PSYoungGen      total 79872K, used 10352K [0x000000076ab00000, 0x0000000774300000, 0x00000007c0000000)
  eden space 64000K, 0% used [0x000000076ab00000,0x000000076ab00000,0x000000076e980000)
  from space 15872K, 65% used [0x000000076f900000,0x000000077031c048,0x0000000770880000)
  to   space 15872K, 0% used [0x000000076e980000,0x000000076e980000,0x000000076f900000)
 ParOldGen       total 74752K, used 26180K [0x00000006c0000000, 0x00000006c4900000, 0x000000076ab00000)
  object space 74752K, 35% used [0x00000006c0000000,0x00000006c19913f0,0x00000006c4900000)
 Metaspace       used 30985K, capacity 32618K, committed 32896K, reserved 1077248K
  class space    used 4152K, capacity 4459K, committed 4480K, reserved 1048576K
}
Event: 636.555 GC heap before
{Heap before GC invocations=8 (full 1):
 PSYoungGen      total 79872K, used 74234K [0x000000076ab00000, 0x0000000774300000, 0x00000007c0000000)
  eden space 64000K, 99% used [0x000000076ab00000,0x000000076e9629a0,0x000000076e980000)
  from space 15872K, 65% used [0x000000076f900000,0x000000077031c048,0x0000000770880000)
  to   space 15872K, 0% used [0x000000076e980000,0x000000076e980000,0x000000076f900000)
 ParOldGen       total 74752K, used 26180K [0x00000006c0000000, 0x00000006c4900000, 0x000000076ab00000)
  object space 74752K, 35% used [0x00000006c0000000,0x00000006c19913f0,0x00000006c4900000)
 Metaspace       used 30985K, capacity 32618K, committed 32896K, reserved 1077248K
  class space    used 4152K, capacity 4459K, committed 4480K, reserved 1048576K
Event: 636.560 GC heap after
Heap after GC invocations=8 (full 1):
 PSYoungGen      total 79872K, used 4086K [0x000000076ab00000, 0x0000000774700000, 0x00000007c0000000)
  eden space 64000K, 0% used [0x000000076ab00000,0x000000076ab00000,0x000000076e980000)
  from space 15872K, 25% used [0x000000076e980000,0x000000076ed7db40,0x000000076f900000)
  to   space 16896K, 0% used [0x0000000773680000,0x0000000773680000,0x0000000774700000)
 ParOldGen       total 74752K, used 32492K [0x00000006c0000000, 0x00000006c4900000, 0x000000076ab00000)
  object space 74752K, 43% used [0x00000006c0000000,0x00000006c1fbb3f0,0x00000006c4900000)
 Metaspace       used 30985K, capacity 32618K, committed 32896K, reserved 1077248K
  class space    used 4152K, capacity 4459K, committed 4480K, reserved 1048576K
}
Event: 636.568 GC heap before
{Heap before GC invocations=9 (full 1):
 PSYoungGen      total 79872K, used 68086K [0x000000076ab00000, 0x0000000774700000, 0x00000007c0000000)
  eden space 64000K, 99% used [0x000000076ab00000,0x000000076e97fd90,0x000000076e980000)
  from space 15872K, 25% used [0x000000076e980000,0x000000076ed7db40,0x000000076f900000)
  to   space 16896K, 0% used [0x0000000773680000,0x0000000773680000,0x0000000774700000)
 ParOldGen       total 74752K, used 32492K [0x00000006c0000000, 0x00000006c4900000, 0x000000076ab00000)
  object space 74752K, 43% used [0x00000006c0000000,0x00000006c1fbb3f0,0x00000006c4900000)
 Metaspace       used 30985K, capacity 32618K, committed 32896K, reserved 1077248K
  class space    used 4152K, capacity 4459K, committed 4480K, reserved 1048576K
Event: 636.570 GC heap after
Heap after GC invocations=9 (full 1):
 PSYoungGen      total 142336K, used 4207K [0x000000076ab00000, 0x0000000774880000, 0x00000007c0000000)
  eden space 125440K, 0% used [0x000000076ab00000,0x000000076ab00000,0x0000000772580000)
  from space 16896K, 24% used [0x0000000773680000,0x0000000773a9bc68,0x0000000774700000)
  to   space 17408K, 0% used [0x0000000772580000,0x0000000772580000,0x0000000773680000)
 ParOldGen       total 74752K, used 32612K [0x00000006c0000000, 0x00000006c4900000, 0x000000076ab00000)
  object space 74752K, 43% used [0x00000006c0000000,0x00000006c1fd93f0,0x00000006c4900000)
 Metaspace       used 30985K, capacity 32618K, committed 32896K, reserved 1077248K
  class space    used 4152K, capacity 4459K, committed 4480K, reserved 1048576K
}

