# JRE version: Java(TM) SE Runtime Environment (8.0_144-b01) (build 1.8.0_144-b01)
# Java VM: Java HotSpot(TM) 64-Bit Server VM (25.144-b01 mixed mode bsd-amd64 compressed oops)
Heap:
 PSYoungGen      total 144384K, used 58695K [0x000000076ab00000, 0x0000000774a80000, 0x00000007c0000000)
  eden space 128000K, 34% used [0x000000076ab00000,0x000000076d696818,0x0000000772800000)
  from space 16384K, 85% used [0x0000000773880000,0x000000077463b630,0x0000000774880000)
  to   space 16896K, 0% used [0x0000000772800000,0x0000000772800000,0x0000000773880000)
 ParOldGen       total 74752K, used 15107K [0x00000006c0000000, 0x00000006c4900000, 0x000000076ab00000)
  object space 74752K, 20% used [0x00000006c0000000,0x00000006c0ec0f20,0x00000006c4900000)
 Metaspace       used 30708K, capacity 32256K, committed 32384K, reserved 1077248K
  class space    used 4094K, capacity 4401K, committed 4480K, reserved 1048576K
GC Heap History (10 events):
Event: 16.022 GC heap before
{Heap before GC invocations=3 (full 1):
 PSYoungGen      total 76288K, used 65536K [0x000000076ab00000, 0x0000000770000000, 0x00000007c0000000)
  eden space 65536K, 100% used [0x000000076ab00000,0x000000076eb00000,0x000000076eb00000)
  from space 10752K, 0% used [0x000000076eb00000,0x000000076eb00000,0x000000076f580000)
  to   space 10752K, 0% used [0x000000076f580000,0x000000076f580000,0x0000000770000000)
 ParOldGen       total 74752K, used 8849K [0x00000006c0000000, 0x00000006c4900000, 0x000000076ab00000)
  object space 74752K, 11% used [0x00000006c0000000,0x00000006c08a45f0,0x00000006c4900000)
 Metaspace       used 29484K, capacity 30946K, committed 31232K, reserved 1077248K
  class space    used 3975K, capacity 4252K, committed 4352K, reserved 1048576K
Event: 16.030 GC heap after
Heap after GC invocations=3 (full 1):
 PSYoungGen      total 76288K, used 10734K [0x000000076ab00000, 0x0000000770000000, 0x00000007c0000000)
  eden space 65536K, 0% used [0x000000076ab00000,0x000000076ab00000,0x000000076eb00000)
  from space 10752K, 99% used [0x000000076f580000,0x000000076fffb9a8,0x0000000770000000)
  to   space 10752K, 0% used [0x000000076eb00000,0x000000076eb00000,0x000000076f580000)
 ParOldGen       total 74752K, used 14229K [0x00000006c0000000, 0x00000006c4900000, 0x000000076ab00000)
  object space 74752K, 19% used [0x00000006c0000000,0x00000006c0de5558,0x00000006c4900000)
 Metaspace       used 29484K, capacity 30946K, committed 31232K, reserved 1077248K
  class space    used 3975K, capacity 4252K, committed 4352K, reserved 1048576K
}
Event: 16.478 GC heap before
{Heap before GC invocations=4 (full 1):
 PSYoungGen      total 76288K, used 76247K [0x000000076ab00000, 0x0000000770000000, 0x00000007c0000000)
  eden space 65536K, 99% used [0x000000076ab00000,0x000000076eafa620,0x000000076eb00000)
  from space 10752K, 99% used [0x000000076f580000,0x000000076fffb9a8,0x0000000770000000)
  to   space 10752K, 0% used [0x000000076eb00000,0x000000076eb00000,0x000000076f580000)
 ParOldGen       total 74752K, used 14229K [0x00000006c0000000, 0x00000006c4900000, 0x000000076ab00000)
  object space 74752K, 19% used [0x00000006c0000000,0x00000006c0de5558,0x00000006c4900000)
 Metaspace       used 29909K, capacity 31460K, committed 31744K, reserved 1077248K
  class space    used 4019K, capacity 4317K, committed 4352K, reserved 1048576K
Event: 16.482 GC heap after
Heap after GC invocations=4 (full 1):
 PSYoungGen      total 76288K, used 10739K [0x000000076ab00000, 0x0000000770000000, 0x00000007c0000000)
  eden space 65536K, 0% used [0x000000076ab00000,0x000000076ab00000,0x000000076eb00000)
  from space 10752K, 99% used [0x000000076eb00000,0x000000076f57cea0,0x000000076f580000)
  to   space 10752K, 0% used [0x000000076f580000,0x000000076f580000,0x0000000770000000)
 ParOldGen       total 74752K, used 15039K [0x00000006c0000000, 0x00000006c4900000, 0x000000076ab00000)
  object space 74752K, 20% used [0x00000006c0000000,0x00000006c0eaff10,0x00000006c4900000)
 Metaspace       used 29909K, capacity 31460K, committed 31744K, reserved 1077248K
  class space    used 4019K, capacity 4317K, committed 4352K, reserved 1048576K
}
Event: 16.491 GC heap before
{Heap before GC invocations=5 (full 1):
 PSYoungGen      total 76288K, used 76268K [0x000000076ab00000, 0x0000000770000000, 0x00000007c0000000)
  eden space 65536K, 99% used [0x000000076ab00000,0x000000076eafe2b0,0x000000076eb00000)
  from space 10752K, 99% used [0x000000076eb00000,0x000000076f57cea0,0x000000076f580000)
  to   space 10752K, 0% used [0x000000076f580000,0x000000076f580000,0x0000000770000000)
 ParOldGen       total 74752K, used 15039K [0x00000006c0000000, 0x00000006c4900000, 0x000000076ab00000)
  object space 74752K, 20% used [0x00000006c0000000,0x00000006c0eaff10,0x00000006c4900000)
 Metaspace       used 29909K, capacity 31460K, committed 31744K, reserved 1077248K
  class space    used 4019K, capacity 4317K, committed 4352K, reserved 1048576K
Event: 16.495 GC heap after
Heap after GC invocations=5 (full 1):
 PSYoungGen      total 76288K, used 10748K [0x000000076ab00000, 0x0000000773c00000, 0x00000007c0000000)
  eden space 65536K, 0% used [0x000000076ab00000,0x000000076ab00000,0x000000076eb00000)
  from space 10752K, 99% used [0x000000076f580000,0x000000076ffff2e0,0x0000000770000000)
  to   space 10752K, 0% used [0x000000076eb00000,0x000000076eb00000,0x000000076f580000)
 ParOldGen       total 74752K, used 15067K [0x00000006c0000000, 0x00000006c4900000, 0x000000076ab00000)
  object space 74752K, 20% used [0x00000006c0000000,0x00000006c0eb6f20,0x00000006c4900000)
 Metaspace       used 29909K, capacity 31460K, committed 31744K, reserved 1077248K
  class space    used 4019K, capacity 4317K, committed 4352K, reserved 1048576K
}
Event: 16.503 GC heap before
{Heap before GC invocations=6 (full 1):
 PSYoungGen      total 76288K, used 76222K [0x000000076ab00000, 0x0000000773c00000, 0x00000007c0000000)
  eden space 65536K, 99% used [0x000000076ab00000,0x000000076eaf05e8,0x000000076eb00000)
  from space 10752K, 99% used [0x000000076f580000,0x000000076ffff2e0,0x0000000770000000)
  to   space 10752K, 0% used [0x000000076eb00000,0x000000076eb00000,0x000000076f580000)
 ParOldGen       total 74752K, used 15067K [0x00000006c0000000, 0x00000006c4900000, 0x000000076ab00000)
  object space 74752K, 20% used [0x00000006c0000000,0x00000006c0eb6f20,0x00000006c4900000)
 Metaspace       used 29909K, capacity 31460K, committed 31744K, reserved 1077248K
  class space    used 4019K, capacity 4317K, committed 4352K, reserved 1048576K
Event: 16.506 GC heap after
Heap after GC invocations=6 (full 1):
 PSYoungGen      total 76288K, used 10747K [0x000000076ab00000, 0x0000000774880000, 0x00000007c0000000)
  eden space 65536K, 0% used [0x000000076ab00000,0x000000076ab00000,0x000000076eb00000)
  from space 10752K, 99% used [0x000000076eb00000,0x000000076f57ee58,0x000000076f580000)
  to   space 16384K, 0% used [0x0000000773880000,0x0000000773880000,0x0000000774880000)
 ParOldGen       total 74752K, used 15099K [0x00000006c0000000, 0x00000006c4900000, 0x000000076ab00000)
  object space 74752K, 20% used [0x00000006c0000000,0x00000006c0ebef20,0x00000006c4900000)
 Metaspace       used 29909K, capacity 31460K, committed 31744K, reserved 1077248K
  class space    used 4019K, capacity 4317K, committed 4352K, reserved 1048576K
}
Event: 16.514 GC heap before
{Heap before GC invocations=7 (full 1):
 PSYoungGen      total 76288K, used 76210K [0x000000076ab00000, 0x0000000774880000, 0x00000007c0000000)
  eden space 65536K, 99% used [0x000000076ab00000,0x000000076eaeda30,0x000000076eb00000)
  from space 10752K, 99% used [0x000000076eb00000,0x000000076f57ee58,0x000000076f580000)
  to   space 16384K, 0% used [0x0000000773880000,0x0000000773880000,0x0000000774880000)
 ParOldGen       total 74752K, used 15099K [0x00000006c0000000, 0x00000006c4900000, 0x000000076ab00000)
  object space 74752K, 20% used [0x00000006c0000000,0x00000006c0ebef20,0x00000006c4900000)
 Metaspace       used 29909K, capacity 31460K, committed 31744K, reserved 1077248K
  class space    used 4019K, capacity 4317K, committed 4352K, reserved 1048576K
Event: 16.521 GC heap after
Heap after GC invocations=7 (full 1):
 PSYoungGen      total 144384K, used 14061K [0x000000076ab00000, 0x0000000774a80000, 0x00000007c0000000)
  eden space 128000K, 0% used [0x000000076ab00000,0x000000076ab00000,0x0000000772800000)
  from space 16384K, 85% used [0x0000000773880000,0x000000077463b630,0x0000000774880000)
  to   space 16896K, 0% used [0x0000000772800000,0x0000000772800000,0x0000000773880000)
 ParOldGen       total 74752K, used 15107K [0x00000006c0000000, 0x00000006c4900000, 0x000000076ab00000)
  object space 74752K, 20% used [0x00000006c0000000,0x00000006c0ec0f20,0x00000006c4900000)
 Metaspace       used 29909K, capacity 31460K, committed 31744K, reserved 1077248K
  class space    used 4019K, capacity 4317K, committed 4352K, reserved 1048576K
}

