# JRE version: Java(TM) SE Runtime Environment (8.0_144-b01) (build 1.8.0_144-b01)
# Java VM: Java HotSpot(TM) 64-Bit Server VM (25.144-b01 mixed mode bsd-amd64 compressed oops)
Heap:
 PSYoungGen      total 98304K, used 84758K [0x000000076ab00000, 0x0000000777100000, 0x00000007c0000000)
  eden space 87552K, 84% used [0x000000076ab00000,0x000000076f348668,0x0000000770080000)
  from space 10752K, 99% used [0x0000000770080000,0x0000000770afd380,0x0000000770b00000)
  to   space 15872K, 0% used [0x0000000776180000,0x0000000776180000,0x0000000777100000)
 ParOldGen       total 126464K, used 18439K [0x00000006c0000000, 0x00000006c7b80000, 0x000000076ab00000)
  object space 126464K, 14% used [0x00000006c0000000,0x00000006c1201c78,0x00000006c7b80000)
 Metaspace       used 30741K, capacity 32394K, committed 32688K, reserved 1077248K
  class space    used 4149K, capacity 4449K, committed 4528K, reserved 1048576K
GC Heap History (10 events):
Event: 2.856 GC heap before
{Heap before GC invocations=2 (full 1):
 PSYoungGen      total 76288K, used 10398K [0x000000076ab00000, 0x0000000770000000, 0x00000007c0000000)
  eden space 65536K, 0% used [0x000000076ab00000,0x000000076ab00000,0x000000076eb00000)
  from space 10752K, 96% used [0x000000076eb00000,0x000000076f527a00,0x000000076f580000)
  to   space 10752K, 0% used [0x000000076f580000,0x000000076f580000,0x0000000770000000)
 ParOldGen       total 175104K, used 88K [0x00000006c0000000, 0x00000006cab00000, 0x000000076ab00000)
  object space 175104K, 0% used [0x00000006c0000000,0x00000006c0016010,0x00000006cab00000)
 Metaspace       used 20241K, capacity 21230K, committed 21296K, reserved 1067008K
  class space    used 2830K, capacity 3075K, committed 3120K, reserved 1048576K
Event: 2.881 GC heap after
Heap after GC invocations=2 (full 1):
 PSYoungGen      total 76288K, used 0K [0x000000076ab00000, 0x0000000770000000, 0x00000007c0000000)
  eden space 65536K, 0% used [0x000000076ab00000,0x000000076ab00000,0x000000076eb00000)
  from space 10752K, 0% used [0x000000076eb00000,0x000000076eb00000,0x000000076f580000)
  to   space 10752K, 0% used [0x000000076f580000,0x000000076f580000,0x0000000770000000)
 ParOldGen       total 126464K, used 8871K [0x00000006c0000000, 0x00000006c7b80000, 0x000000076ab00000)
  object space 126464K, 7% used [0x00000006c0000000,0x00000006c08a9c30,0x00000006c7b80000)
 Metaspace       used 20241K, capacity 21230K, committed 21296K, reserved 1067008K
  class space    used 2830K, capacity 3075K, committed 3120K, reserved 1048576K
}
Event: 12.836 GC heap before
{Heap before GC invocations=3 (full 1):
 PSYoungGen      total 76288K, used 65531K [0x000000076ab00000, 0x0000000770000000, 0x00000007c0000000)
  eden space 65536K, 99% used [0x000000076ab00000,0x000000076eafec60,0x000000076eb00000)
  from space 10752K, 0% used [0x000000076eb00000,0x000000076eb00000,0x000000076f580000)
  to   space 10752K, 0% used [0x000000076f580000,0x000000076f580000,0x0000000770000000)
 ParOldGen       total 126464K, used 8871K [0x00000006c0000000, 0x00000006c7b80000, 0x000000076ab00000)
  object space 126464K, 7% used [0x00000006c0000000,0x00000006c08a9c30,0x00000006c7b80000)
 Metaspace       used 29861K, capacity 31442K, committed 31792K, reserved 1077248K
  class space    used 4053K, capacity 4335K, committed 4400K, reserved 1048576K
Event: 12.844 GC heap after
Heap after GC invocations=3 (full 1):
 PSYoungGen      total 76288K, used 10734K [0x000000076ab00000, 0x0000000770a00000, 0x00000007c0000000)
  eden space 65536K, 0% used [0x000000076ab00000,0x000000076ab00000,0x000000076eb00000)
  from space 10752K, 99% used [0x000000076f580000,0x000000076fffbbc8,0x0000000770000000)
  to   space 10752K, 0% used [0x000000076eb00000,0x000000076eb00000,0x000000076f580000)
 ParOldGen       total 126464K, used 11459K [0x00000006c0000000, 0x00000006c7b80000, 0x000000076ab00000)
  object space 126464K, 9% used [0x00000006c0000000,0x00000006c0b30c10,0x00000006c7b80000)
 Metaspace       used 29861K, capacity 31442K, committed 31792K, reserved 1077248K
  class space    used 4053K, capacity 4335K, committed 4400K, reserved 1048576K
}
Event: 13.420 GC heap before
{Heap before GC invocations=4 (full 1):
 PSYoungGen      total 76288K, used 76229K [0x000000076ab00000, 0x0000000770a00000, 0x00000007c0000000)
  eden space 65536K, 99% used [0x000000076ab00000,0x000000076eaf5a28,0x000000076eb00000)
  from space 10752K, 99% used [0x000000076f580000,0x000000076fffbbc8,0x0000000770000000)
  to   space 10752K, 0% used [0x000000076eb00000,0x000000076eb00000,0x000000076f580000)
 ParOldGen       total 126464K, used 11459K [0x00000006c0000000, 0x00000006c7b80000, 0x000000076ab00000)
  object space 126464K, 9% used [0x00000006c0000000,0x00000006c0b30c10,0x00000006c7b80000)
 Metaspace       used 30262K, capacity 31832K, committed 32048K, reserved 1077248K
  class space    used 4098K, capacity 4400K, committed 4400K, reserved 1048576K
Event: 13.426 GC heap after
Heap after GC invocations=4 (full 1):
 PSYoungGen      total 76288K, used 10741K [0x000000076ab00000, 0x0000000771580000, 0x00000007c0000000)
  eden space 65536K, 0% used [0x000000076ab00000,0x000000076ab00000,0x000000076eb00000)
  from space 10752K, 99% used [0x000000076eb00000,0x000000076f57d5c0,0x000000076f580000)
  to   space 10752K, 0% used [0x0000000770b00000,0x0000000770b00000,0x0000000771580000)
 ParOldGen       total 126464K, used 11855K [0x00000006c0000000, 0x00000006c7b80000, 0x000000076ab00000)
  object space 126464K, 9% used [0x00000006c0000000,0x00000006c0b93c58,0x00000006c7b80000)
 Metaspace       used 30262K, capacity 31832K, committed 32048K, reserved 1077248K
  class space    used 4098K, capacity 4400K, committed 4400K, reserved 1048576K
}
Event: 13.436 GC heap before
{Heap before GC invocations=5 (full 1):
 PSYoungGen      total 76288K, used 76147K [0x000000076ab00000, 0x0000000771580000, 0x00000007c0000000)
  eden space 65536K, 99% used [0x000000076ab00000,0x000000076eadf8a0,0x000000076eb00000)
  from space 10752K, 99% used [0x000000076eb00000,0x000000076f57d5c0,0x000000076f580000)
  to   space 10752K, 0% used [0x0000000770b00000,0x0000000770b00000,0x0000000771580000)
 ParOldGen       total 126464K, used 11855K [0x00000006c0000000, 0x00000006c7b80000, 0x000000076ab00000)
  object space 126464K, 9% used [0x00000006c0000000,0x00000006c0b93c58,0x00000006c7b80000)
 Metaspace       used 30262K, capacity 31832K, committed 32048K, reserved 1077248K
  class space    used 4098K, capacity 4400K, committed 4400K, reserved 1048576K
Event: 13.443 GC heap after
Heap after GC invocations=5 (full 1):
 PSYoungGen      total 98304K, used 10733K [0x000000076ab00000, 0x0000000773b00000, 0x00000007c0000000)
  eden space 87552K, 0% used [0x000000076ab00000,0x000000076ab00000,0x0000000770080000)
  from space 10752K, 99% used [0x0000000770b00000,0x000000077157b408,0x0000000771580000)
  to   space 10752K, 0% used [0x0000000770080000,0x0000000770080000,0x0000000770b00000)
 ParOldGen       total 126464K, used 15151K [0x00000006c0000000, 0x00000006c7b80000, 0x000000076ab00000)
  object space 126464K, 11% used [0x00000006c0000000,0x00000006c0ecbc68,0x00000006c7b80000)
 Metaspace       used 30262K, capacity 31832K, committed 32048K, reserved 1077248K
  class space    used 4098K, capacity 4400K, committed 4400K, reserved 1048576K
}
Event: 13.455 GC heap before
{Heap before GC invocations=6 (full 1):
 PSYoungGen      total 98304K, used 98219K [0x000000076ab00000, 0x0000000773b00000, 0x00000007c0000000)
  eden space 87552K, 99% used [0x000000076ab00000,0x000000077006f990,0x0000000770080000)
  from space 10752K, 99% used [0x0000000770b00000,0x000000077157b408,0x0000000771580000)
  to   space 10752K, 0% used [0x0000000770080000,0x0000000770080000,0x0000000770b00000)
 ParOldGen       total 126464K, used 15151K [0x00000006c0000000, 0x00000006c7b80000, 0x000000076ab00000)
  object space 126464K, 11% used [0x00000006c0000000,0x00000006c0ecbc68,0x00000006c7b80000)
 Metaspace       used 30262K, capacity 31832K, committed 32048K, reserved 1077248K
  class space    used 4098K, capacity 4400K, committed 4400K, reserved 1048576K
Event: 13.462 GC heap after
Heap after GC invocations=6 (full 1):
 PSYoungGen      total 98304K, used 10740K [0x000000076ab00000, 0x0000000777100000, 0x00000007c0000000)
  eden space 87552K, 0% used [0x000000076ab00000,0x000000076ab00000,0x0000000770080000)
  from space 10752K, 99% used [0x0000000770080000,0x0000000770afd380,0x0000000770b00000)
  to   space 15872K, 0% used [0x0000000776180000,0x0000000776180000,0x0000000777100000)
 ParOldGen       total 126464K, used 18439K [0x00000006c0000000, 0x00000006c7b80000, 0x000000076ab00000)
  object space 126464K, 14% used [0x00000006c0000000,0x00000006c1201c78,0x00000006c7b80000)
 Metaspace       used 30262K, capacity 31832K, committed 32048K, reserved 1077248K
  class space    used 4098K, capacity 4400K, committed 4400K, reserved 1048576K
}

